<?xml version="1.0" encoding="UTF-8"?>
<!-- Generated by org.testng.reporters.JUnitXMLReporter -->
<testsuite ignored="0" hostname="LAPTOP-2DE1T0AK" failures="0" tests="3" name="Default test" time="150.91" errors="0" timestamp="2025-03-04T16:41:34 IST">
  <testcase classname="com.comcast.crm.orgtest.CreateOrgTestNgTest" name="CreateOrgWithPhoneNumberTest" time="61.138"/>
  <testcase classname="com.comcast.crm.orgtest.CreateOrgTestNgTest" name="CreateOrganizationWithIndustriesTest" time="19.524"/>
  <testcase classname="com.comcast.crm.orgtest.CreateOrgTestNgTest" name="createorgTest" time="19.054"/>
</testsuite> <!-- Default test -->
