<?xml version="1.0" encoding="UTF-8"?>
<!-- Generated by org.testng.reporters.JUnitXMLReporter -->
<testsuite ignored="2" hostname="LAPTOP-2DE1T0AK" failures="0" tests="1" name="Test" time="36.403" errors="0" timestamp="2025-03-04T17:16:13 IST">
  <testcase classname="com.comcast.crm.orgtest.CreateOrgTestNgTest" name="createorgTest" time="20.485"/>
  <testcase classname="com.comcast.crm.orgtest.CreateOrgTestNgTest" name="CreateOrganizationWithIndustriesTest" time="0.0">
    <ignored/>
  </testcase> <!-- CreateOrganizationWithIndustriesTest -->
  <testcase classname="com.comcast.crm.orgtest.CreateOrgTestNgTest" name="CreateOrgWithPhoneNumberTest" time="0.0">
    <ignored/>
  </testcase> <!-- CreateOrgWithPhoneNumberTest -->
</testsuite> <!-- Test -->
