<?xml version="1.0" encoding="UTF-8"?>
<!-- Generated by org.testng.reporters.JUnitXMLReporter -->
<testsuite ignored="2" hostname="LAPTOP-2DE1T0AK" failures="0" tests="6" name="TestRunner-Chrome" time="112.935" errors="0" timestamp="2025-02-15T14:20:48 IST">
  <testcase classname="com.comcast.crm.orgtest.CreateOrgTestNgTest" name="CreateOrgWithPhoneNumberTest" time="11.05"/>
  <testcase classname="com.comcast.crm.orgtest.CreateOrgTestNgTest" name="CreateOrganizationWithIndustriesTest" time="6.299"/>
  <testcase classname="com.comcast.crm.orgtest.CreateOrgTestNgTest" name="createorgTest" time="5.555"/>
  <testcase classname="com.comcast.crm.contacttest.CreateContactTestNgTest" name="CreateContactWithOrgTest" time="26.695"/>
  <testcase classname="com.comcast.crm.contacttest.CreateContactTestNgTest" name="CreateContactWithSupportDateTest" time="17.073"/>
  <testcase classname="com.comcast.crm.contacttest.CreateContactTestNgTest" name="createContactTest" time="4.245"/>
  <testcase classname="com.crm.generic.basetest.BaseClass" name="@BeforeSuite configBS" time="0.0">
    <ignored/>
  </testcase> <!-- @BeforeSuite configBS -->
  <testcase classname="com.crm.generic.basetest.BaseClass" name="@AfterSuite configAS" time="0.0">
    <ignored/>
  </testcase> <!-- @AfterSuite configAS -->
</testsuite> <!-- TestRunner-Chrome -->
