<?xml version="1.0" encoding="UTF-8"?>
<!-- Generated by org.testng.reporters.JUnitXMLReporter -->
<testsuite ignored="2" hostname="LAPTOP-2DE1T0AK" failures="0" tests="6" name="TestRunner-Edge" time="123.451" errors="0" timestamp="2025-02-15T14:20:58 IST">
  <testcase classname="com.comcast.crm.orgtest.CreateOrgTestNgTest" name="CreateOrgWithPhoneNumberTest" time="11.563"/>
  <testcase classname="com.comcast.crm.orgtest.CreateOrgTestNgTest" name="CreateOrganizationWithIndustriesTest" time="6.473"/>
  <testcase classname="com.comcast.crm.orgtest.CreateOrgTestNgTest" name="createorgTest" time="6.168"/>
  <testcase classname="com.comcast.crm.contacttest.CreateContactTestNgTest" name="CreateContactWithOrgTest" time="26.086"/>
  <testcase classname="com.comcast.crm.contacttest.CreateContactTestNgTest" name="CreateContactWithSupportDateTest" time="17.697"/>
  <testcase classname="com.comcast.crm.contacttest.CreateContactTestNgTest" name="createContactTest" time="4.163"/>
  <testcase classname="com.crm.generic.basetest.BaseClass" name="@AfterSuite configAS" time="0.0">
    <ignored/>
  </testcase> <!-- @AfterSuite configAS -->
  <testcase classname="com.crm.generic.basetest.BaseClass" name="@BeforeSuite configBS" time="0.0">
    <ignored/>
  </testcase> <!-- @BeforeSuite configBS -->
</testsuite> <!-- TestRunner-Edge -->
