<?xml version="1.0" encoding="UTF-8"?>
<testng-results ignored="2" total="3" passed="1" failed="0" skipped="0">
  <reporter-output>
  </reporter-output>
  <suite started-at="2025-03-04T17:15:37 IST" name="Suite" finished-at="2025-03-04T17:16:13 IST" duration-ms="36403">
    <groups>
      <group name="smokeTest">
        <method signature="CreateOrgTestNgTest.createorgTest()[pri:0, instance:com.comcast.crm.orgtest.CreateOrgTestNgTest@28701274]" name="createorgTest" class="com.comcast.crm.orgtest.CreateOrgTestNgTest"/>
      </group> <!-- smokeTest -->
    </groups>
    <test started-at="2025-03-04T17:15:37 IST" name="Test" finished-at="2025-03-04T17:16:13 IST" duration-ms="36403">
      <class name="com.comcast.crm.orgtest.CreateOrgTestNgTest">
        <test-method is-config="true" signature="configBS()[pri:0, instance:com.comcast.crm.orgtest.CreateOrgTestNgTest@28701274]" started-at="2025-03-04T17:15:37 IST" name="configBS" finished-at="2025-03-04T17:15:37 IST" duration-ms="26" status="PASS">
          <reporter-output>
          </reporter-output>
        </test-method> <!-- configBS -->
        <test-method is-config="true" signature="configBC()[pri:0, instance:com.comcast.crm.orgtest.CreateOrgTestNgTest@28701274]" started-at="2025-03-04T17:15:37 IST" name="configBC" finished-at="2025-03-04T17:15:43 IST" duration-ms="5898" status="PASS">
          <reporter-output>
          </reporter-output>
        </test-method> <!-- configBC -->
        <test-method is-config="true" signature="configBM()[pri:0, instance:com.comcast.crm.orgtest.CreateOrgTestNgTest@28701274]" started-at="2025-03-04T17:15:43 IST" name="configBM" finished-at="2025-03-04T17:15:50 IST" duration-ms="6634" status="PASS">
          <reporter-output>
          </reporter-output>
        </test-method> <!-- configBM -->
        <test-method signature="createorgTest()[pri:0, instance:com.comcast.crm.orgtest.CreateOrgTestNgTest@28701274]" started-at="2025-03-04T17:15:50 IST" name="createorgTest" finished-at="2025-03-04T17:16:10 IST" duration-ms="20485" status="PASS">
          <reporter-output>
          </reporter-output>
        </test-method> <!-- createorgTest -->
        <test-method is-config="true" signature="configAM()[pri:0, instance:com.comcast.crm.orgtest.CreateOrgTestNgTest@28701274]" started-at="2025-03-04T17:16:10 IST" name="configAM" finished-at="2025-03-04T17:16:13 IST" duration-ms="2816" status="PASS">
          <reporter-output>
          </reporter-output>
        </test-method> <!-- configAM -->
        <test-method is-config="true" signature="configAC()[pri:0, instance:com.comcast.crm.orgtest.CreateOrgTestNgTest@28701274]" started-at="2025-03-04T17:16:13 IST" name="configAC" finished-at="2025-03-04T17:16:13 IST" duration-ms="468" status="PASS">
          <reporter-output>
          </reporter-output>
        </test-method> <!-- configAC -->
        <test-method is-config="true" signature="configAS()[pri:0, instance:com.comcast.crm.orgtest.CreateOrgTestNgTest@28701274]" started-at="2025-03-04T17:16:13 IST" name="configAS" finished-at="2025-03-04T17:16:13 IST" duration-ms="0" status="PASS">
          <reporter-output>
          </reporter-output>
        </test-method> <!-- configAS -->
      </class> <!-- com.comcast.crm.orgtest.CreateOrgTestNgTest -->
    </test> <!-- Test -->
  </suite> <!-- Suite -->
</testng-results>
